0 info it worked if it ends with ok
1 verbose cli [ '/usr/bin/node', '/usr/bin/npm', 'install', 'moment' ]
2 info using npm@2.11.3
3 info using node@v0.12.7
4 verbose node symlink /usr/bin/node
5 verbose install initial load of /home/thomas/workspace/schedulebot/package.json
6 verbose stack Error: Invalid version: "0.1"
6 verbose stack     at Object.module.exports.fixVersionField (/usr/lib/node_modules/npm/node_modules/normalize-package-data/lib/fixer.js:186:13)
6 verbose stack     at /usr/lib/node_modules/npm/node_modules/normalize-package-data/lib/normalize.js:32:38
6 verbose stack     at Array.forEach (native)
6 verbose stack     at normalize (/usr/lib/node_modules/npm/node_modules/normalize-package-data/lib/normalize.js:31:15)
6 verbose stack     at final (/usr/lib/node_modules/npm/node_modules/read-package-json/read-json.js:338:5)
6 verbose stack     at then (/usr/lib/node_modules/npm/node_modules/read-package-json/read-json.js:113:5)
6 verbose stack     at /usr/lib/node_modules/npm/node_modules/read-package-json/read-json.js:300:12
6 verbose stack     at evalmachine.<anonymous>:334:14
6 verbose stack     at /usr/lib/node_modules/npm/node_modules/graceful-fs/graceful-fs.js:102:5
6 verbose stack     at FSReqWrap.oncomplete (evalmachine.<anonymous>:95:15)
7 verbose cwd /home/thomas/workspace/schedulebot
8 error Linux 3.19.0-31-generic
9 error argv "/usr/bin/node" "/usr/bin/npm" "install" "moment"
10 error node v0.12.7
11 error npm  v2.11.3
12 error Invalid version: "0.1"
13 error If you need help, you may report this error at:
13 error     <https://github.com/npm/npm/issues>
14 verbose exit [ 1, true ]
